0 info it worked if it ends with ok
1 verbose cli [ 'C:\\Program Files\\nodejs\\node.exe',
1 verbose cli   'C:\\Program Files\\nodejs\\node_modules\\npm\\bin\\npm-cli.js',
1 verbose cli   'run',
1 verbose cli   'test' ]
2 info using npm@3.8.6
3 info using node@v6.0.0
4 verbose run-script [ 'pretest', 'test', 'posttest' ]
5 info lifecycle complete-intro-to-react@1.0.0~pretest: complete-intro-to-react@1.0.0
6 silly lifecycle complete-intro-to-react@1.0.0~pretest: no script for pretest, continuing
7 info lifecycle complete-intro-to-react@1.0.0~test: complete-intro-to-react@1.0.0
8 verbose lifecycle complete-intro-to-react@1.0.0~test: unsafe-perm in lifecycle true
9 verbose lifecycle complete-intro-to-react@1.0.0~test: PATH: C:\Users\asdasdasdas\AppData\Roaming\nvm\v6.0.0\node_modules\npm\bin\node-gyp-bin;C:\Users\asdasdasdas\projects\femr\node_modules\.bin;C:\Program Files\nodejs;C:\Users\asdasdasdas\bin;C:\Program Files\Git\mingw64\bin;C:\Program Files\Git\usr\local\bin;C:\Program Files\Git\usr\bin;C:\Program Files\Git\usr\bin;C:\Program Files\Git\mingw64\bin;C:\Program Files\Git\usr\bin;C:\Users\asdasdasdas\bin;C:\Program Files\Docker\Docker\Resources\bin;C:\Windows\system32;C:\Windows;C:\Windows\System32\Wbem;C:\Windows\System32\WindowsPowerShell\v1.0;C:\Program Files\Git\cmd;C:\Program Files\Microsoft SQL Server\130\Tools\Binn;C:\Users\asdasdasdas\AppData\Roaming\nvm;C:\Program Files\nodejs;C:\Program Files (x86)\Microsoft SQL Server\Client SDK\ODBC\130\Tools\Binn;C:\Program Files (x86)\Microsoft SQL Server\130\Tools\Binn;C:\Program Files (x86)\Microsoft SQL Server\130\DTS\Binn;C:\Program Files (x86)\Microsoft SQL Server\130\Tools\Binn\ManagementStudio;C:\Program Files (x86)\Skype\Phone;C:\Program Files\dotnet;C:\Program Files\TortoiseSVN\bin;C:\Users\asdasdasdas\AppData\Local\Microsoft\WindowsApps;C:\Users\asdasdasdas\AppData\Roaming\npm;C:\Users\asdasdasdas\AppData\Roaming\nvm;C:\Program Files\nodejs;C:\Program Files (x86)\Microsoft VS Code\bin;C:\Program Files\Docker Toolbox;C:\Program Files\Git\usr\bin\vendor_perl;C:\Program Files\Git\usr\bin\core_perl
10 verbose lifecycle complete-intro-to-react@1.0.0~test: CWD: C:\Users\asdasdasdas\projects\femr
11 silly lifecycle complete-intro-to-react@1.0.0~test: Args: [ '/d /s /c', 'NODE_ENV=test jest' ]
12 silly lifecycle complete-intro-to-react@1.0.0~test: Returned: code: 1  signal: null
13 info lifecycle complete-intro-to-react@1.0.0~test: Failed to exec test script
14 verbose stack Error: complete-intro-to-react@1.0.0 test: `NODE_ENV=test jest`
14 verbose stack Exit status 1
14 verbose stack     at EventEmitter.<anonymous> (C:\Users\asdasdasdas\AppData\Roaming\nvm\v6.0.0\node_modules\npm\lib\utils\lifecycle.js:239:16)
14 verbose stack     at emitTwo (events.js:106:13)
14 verbose stack     at EventEmitter.emit (events.js:191:7)
14 verbose stack     at ChildProcess.<anonymous> (C:\Users\asdasdasdas\AppData\Roaming\nvm\v6.0.0\node_modules\npm\lib\utils\spawn.js:24:14)
14 verbose stack     at emitTwo (events.js:106:13)
14 verbose stack     at ChildProcess.emit (events.js:191:7)
14 verbose stack     at maybeClose (internal/child_process.js:850:16)
14 verbose stack     at Process.ChildProcess._handle.onexit (internal/child_process.js:215:5)
15 verbose pkgid complete-intro-to-react@1.0.0
16 verbose cwd C:\Users\asdasdasdas\projects\femr
17 error Windows_NT 10.0.14393
18 error argv "C:\\Program Files\\nodejs\\node.exe" "C:\\Program Files\\nodejs\\node_modules\\npm\\bin\\npm-cli.js" "run" "test"
19 error node v6.0.0
20 error npm  v3.8.6
21 error code ELIFECYCLE
22 error complete-intro-to-react@1.0.0 test: `NODE_ENV=test jest`
22 error Exit status 1
23 error Failed at the complete-intro-to-react@1.0.0 test script 'NODE_ENV=test jest'.
23 error Make sure you have the latest version of node.js and npm installed.
23 error If you do, this is most likely a problem with the complete-intro-to-react package,
23 error not with npm itself.
23 error Tell the author that this fails on your system:
23 error     NODE_ENV=test jest
23 error You can get information on how to open an issue for this project with:
23 error     npm bugs complete-intro-to-react
23 error Or if that isn't available, you can get their info via:
23 error     npm owner ls complete-intro-to-react
23 error There is likely additional logging output above.
24 verbose exit [ 1, true ]
